<?xml version="1.0" encoding="UTF-8"?>
<testng-results ignored="0" total="1" passed="1" failed="0" skipped="0">
  <reporter-output>
  </reporter-output>
  <suite started-at="2026-07-07T06:22:19 IST" name="Default suite" finished-at="2026-07-07T06:22:31 IST" duration-ms="12054">
    <groups>
    </groups>
    <test started-at="2026-07-07T06:22:19 IST" name="Default test" finished-at="2026-07-07T06:22:31 IST" duration-ms="12054">
      <class name="com.qa.FirstTestngTest">
        <test-method is-config="true" signature="beforeMethod()[pri:0, instance:com.qa.FirstTestngTest@59474f18]" started-at="2026-07-07T06:22:19 IST" name="beforeMethod" finished-at="2026-07-07T06:22:19 IST" duration-ms="20" status="PASS">
          <reporter-output>
          </reporter-output>
        </test-method> <!-- beforeMethod -->
        <test-method signature="func1()[pri:0, instance:com.qa.FirstTestngTest@59474f18]" started-at="2026-07-07T06:22:19 IST" name="func1" finished-at="2026-07-07T06:22:31 IST" duration-ms="11948" status="PASS">
          <reporter-output>
          </reporter-output>
        </test-method> <!-- func1 -->
        <test-method is-config="true" signature="afterMethod()[pri:0, instance:com.qa.FirstTestngTest@59474f18]" started-at="2026-07-07T06:22:31 IST" name="afterMethod" finished-at="2026-07-07T06:22:31 IST" duration-ms="2" status="PASS">
          <reporter-output>
          </reporter-output>
        </test-method> <!-- afterMethod -->
      </class> <!-- com.qa.FirstTestngTest -->
    </test> <!-- Default test -->
  </suite> <!-- Default suite -->
</testng-results>
